DEBUG main at.srfg.kmt.ehealth.phrs.persistence.impl.sesame.SesameTriplestore - The actual data dump directory is /Users/mradules/.icardea/test/sesame
DEBUG main org.openrdf.sail.memory.MemoryStore - Initializing MemoryStore...
DEBUG main org.openrdf.sail.memory.MemoryStore - Creating directory for data file...
DEBUG main org.openrdf.sail.memory.MemoryStore - Initializing data file...
DEBUG main org.openrdf.sail.memory.MemoryStore - Data file initialized
DEBUG main org.openrdf.sail.memory.MemoryStore - MemoryStore initialized
DEBUG main at.srfg.kmt.ehealth.phrs.persistence.impl.sesame.SesameTriplestore - Tries to load (rdf) files : [startup.test.rdf, startup.test1.rdf] 
DEBUG main at.srfg.kmt.ehealth.phrs.persistence.impl.sesame.SesameTriplestore - File : startup.test.rdf is schedulled to be loaded
DEBUG main at.srfg.kmt.ehealth.phrs.persistence.impl.sesame.SesameTriplestore - File : startup.test1.rdf is schedulled to be loaded
DEBUG main at.srfg.kmt.ehealth.phrs.persistence.impl.sesame.SesameTriplestore - The files set [startup.test.rdf, startup.test1.rdf] was succefully loaded.
DEBUG main org.openrdf.rio.RDFParserRegistry - Registered service class org.openrdf.rio.rdfxml.RDFXMLParserFactory
DEBUG main org.xml.sax.XMLReader - XMLReader initialized using JAXP: com.sun.org.apache.xerces.internal.jaxp.SAXParserImpl$JAXPSAXParser@6659fb21
DEBUG main org.openrdf.sail.memory.MemoryStore - syncing data to file...
DEBUG main org.openrdf.sail.memory.MemoryStore - Data synced to file
DEBUG main org.xml.sax.XMLReader - XMLReader initialized using JAXP: com.sun.org.apache.xerces.internal.jaxp.SAXParserImpl$JAXPSAXParser@3d5311bd
DEBUG main org.openrdf.sail.memory.MemoryStore - syncing data to file...
DEBUG main org.openrdf.sail.memory.MemoryStore - Data synced to file
DEBUG main at.srfg.kmt.ehealth.phrs.persistence.impl.sesame.SesameTriplestore - The connection is still open 
DEBUG main org.openrdf.sail.memory.MemoryStore - syncing data to file...
DEBUG main org.openrdf.sail.memory.MemoryStore - Data synced to file
DEBUG main at.srfg.kmt.ehealth.phrs.persistence.impl.sesame.SesameTriplestore - Clean the Data Direcotry /Users/mradules/.icardea/test/sesame
DEBUG main at.srfg.kmt.ehealth.phrs.persistence.impl.sesame.SesameTriplestore - The connection is closed 
DEBUG main at.srfg.kmt.ehealth.phrs.persistence.impl.sesame.SesameTriplestore - The connection was closed tries to build a new one.
DEBUG main at.srfg.kmt.ehealth.phrs.persistence.impl.sesame.SesameTriplestore - The actual data dump directory is /Users/mradules/.icardea/test/sesame
DEBUG main org.openrdf.sail.memory.MemoryStore - Initializing MemoryStore...
DEBUG main org.openrdf.sail.memory.MemoryStore - Creating directory for data file...
DEBUG main org.openrdf.sail.memory.MemoryStore - Initializing data file...
DEBUG main org.openrdf.sail.memory.MemoryStore - Data file initialized
DEBUG main org.openrdf.sail.memory.MemoryStore - MemoryStore initialized
DEBUG main at.srfg.kmt.ehealth.phrs.persistence.impl.sesame.SesameTriplestore - Tries to load (rdf) files : [startup.test.rdf, startup.test1.rdf] 
DEBUG main at.srfg.kmt.ehealth.phrs.persistence.impl.sesame.SesameTriplestore - File : startup.test.rdf is schedulled to be loaded
DEBUG main at.srfg.kmt.ehealth.phrs.persistence.impl.sesame.SesameTriplestore - File : startup.test1.rdf is schedulled to be loaded
DEBUG main at.srfg.kmt.ehealth.phrs.persistence.impl.sesame.SesameTriplestore - The files set [startup.test.rdf, startup.test1.rdf] was succefully loaded.
DEBUG main org.xml.sax.XMLReader - XMLReader initialized using JAXP: com.sun.org.apache.xerces.internal.jaxp.SAXParserImpl$JAXPSAXParser@4c349471
DEBUG main org.openrdf.sail.memory.MemoryStore - syncing data to file...
DEBUG main org.openrdf.sail.memory.MemoryStore - Data synced to file
DEBUG main org.xml.sax.XMLReader - XMLReader initialized using JAXP: com.sun.org.apache.xerces.internal.jaxp.SAXParserImpl$JAXPSAXParser@22a98932
DEBUG main org.openrdf.sail.memory.MemoryStore - syncing data to file...
DEBUG main org.openrdf.sail.memory.MemoryStore - Data synced to file
DEBUG main at.srfg.kmt.ehealth.phrs.persistence.impl.sesame.SesameTriplestore - A new connection was succesfully builded.
DEBUG main org.openrdf.sail.memory.MemoryStore - syncing data to file...
DEBUG main org.openrdf.sail.memory.MemoryStore - Data synced to file
DEBUG main at.srfg.kmt.ehealth.phrs.persistence.impl.sesame.SesameTriplestore - Clean the Data Direcotry /Users/mradules/.icardea/test/sesame
DEBUG main at.srfg.kmt.ehealth.phrs.persistence.impl.sesame.SesameTriplestore - The connection is closed 
DEBUG main at.srfg.kmt.ehealth.phrs.persistence.impl.sesame.SesameTriplestore - The connection was closed tries to build a new one.
DEBUG main at.srfg.kmt.ehealth.phrs.persistence.impl.sesame.SesameTriplestore - The actual data dump directory is /Users/mradules/.icardea/test/sesame
DEBUG main org.openrdf.sail.memory.MemoryStore - Initializing MemoryStore...
DEBUG main org.openrdf.sail.memory.MemoryStore - Creating directory for data file...
DEBUG main org.openrdf.sail.memory.MemoryStore - Initializing data file...
DEBUG main org.openrdf.sail.memory.MemoryStore - Data file initialized
DEBUG main org.openrdf.sail.memory.MemoryStore - MemoryStore initialized
DEBUG main at.srfg.kmt.ehealth.phrs.persistence.impl.sesame.SesameTriplestore - Tries to load (rdf) files : [startup.test.rdf, startup.test1.rdf] 
DEBUG main at.srfg.kmt.ehealth.phrs.persistence.impl.sesame.SesameTriplestore - File : startup.test.rdf is schedulled to be loaded
DEBUG main at.srfg.kmt.ehealth.phrs.persistence.impl.sesame.SesameTriplestore - File : startup.test1.rdf is schedulled to be loaded
DEBUG main at.srfg.kmt.ehealth.phrs.persistence.impl.sesame.SesameTriplestore - The files set [startup.test.rdf, startup.test1.rdf] was succefully loaded.
DEBUG main org.xml.sax.XMLReader - XMLReader initialized using JAXP: com.sun.org.apache.xerces.internal.jaxp.SAXParserImpl$JAXPSAXParser@3a289d2e
DEBUG main org.openrdf.sail.memory.MemoryStore - syncing data to file...
DEBUG main org.openrdf.sail.memory.MemoryStore - Data synced to file
DEBUG main org.xml.sax.XMLReader - XMLReader initialized using JAXP: com.sun.org.apache.xerces.internal.jaxp.SAXParserImpl$JAXPSAXParser@5ddc0e7a
DEBUG main org.openrdf.sail.memory.MemoryStore - syncing data to file...
DEBUG main org.openrdf.sail.memory.MemoryStore - Data synced to file
DEBUG main at.srfg.kmt.ehealth.phrs.persistence.impl.sesame.SesameTriplestore - A new connection was succesfully builded.
DEBUG main org.openrdf.sail.memory.MemoryStore - syncing data to file...
DEBUG main org.openrdf.sail.memory.MemoryStore - Data synced to file
DEBUG main org.openrdf.sail.memory.MemoryStore - syncing data to file...
DEBUG main org.openrdf.sail.memory.MemoryStore - Data synced to file
DEBUG main org.openrdf.sail.memory.MemoryStore - syncing data to file...
DEBUG main org.openrdf.sail.memory.MemoryStore - Data synced to file
DEBUG main org.openrdf.sail.memory.MemoryStore - syncing data to file...
DEBUG main org.openrdf.sail.memory.MemoryStore - Data synced to file
DEBUG main at.srfg.kmt.ehealth.phrs.persistence.impl.sesame.SesameTriplestore - Excute quirey : select subject from {subject} <http://my.base.uri#pred0> {value_0}, {subject} <http://my.base.uri#pred1> {value_1}, {subject} <http://my.base.uri#pred2> {value_2}  where  value_0 like "Value0" AND  value_1 like "Value1" AND  value_2 like "Value2" 
DEBUG main org.openrdf.query.parser.QueryParserRegistry - Registered service class org.openrdf.query.parser.serql.SeRQLParserFactory
DEBUG main at.srfg.kmt.ehealth.phrs.persistence.impl.sesame.SesameTriplestore - Excute quirey : select subject from {subject} <http://my.base.uri#pred0> {value_0}, {subject} <http://my.base.uri#pred1> {value_1}, {subject} <http://my.base.uri#pred2> {value_2}  where  value_0 like "Value0" AND  value_1 like "Value1" AND  value_2 like "Value2" 
DEBUG main at.srfg.kmt.ehealth.phrs.persistence.impl.sesame.SesameTriplestore - Clean the Data Direcotry /Users/mradules/.icardea/test/sesame
DEBUG main at.srfg.kmt.ehealth.phrs.persistence.impl.sesame.SesameTriplestore - The connection is closed 
DEBUG main at.srfg.kmt.ehealth.phrs.persistence.impl.sesame.SesameTriplestore - The connection was closed tries to build a new one.
DEBUG main at.srfg.kmt.ehealth.phrs.persistence.impl.sesame.SesameTriplestore - The actual data dump directory is /Users/mradules/.icardea/test/sesame
DEBUG main org.openrdf.sail.memory.MemoryStore - Initializing MemoryStore...
DEBUG main org.openrdf.sail.memory.MemoryStore - Creating directory for data file...
DEBUG main org.openrdf.sail.memory.MemoryStore - Initializing data file...
DEBUG main org.openrdf.sail.memory.MemoryStore - Data file initialized
DEBUG main org.openrdf.sail.memory.MemoryStore - MemoryStore initialized
DEBUG main at.srfg.kmt.ehealth.phrs.persistence.impl.sesame.SesameTriplestore - Tries to load (rdf) files : [startup.test.rdf, startup.test1.rdf] 
DEBUG main at.srfg.kmt.ehealth.phrs.persistence.impl.sesame.SesameTriplestore - File : startup.test.rdf is schedulled to be loaded
DEBUG main at.srfg.kmt.ehealth.phrs.persistence.impl.sesame.SesameTriplestore - File : startup.test1.rdf is schedulled to be loaded
DEBUG main at.srfg.kmt.ehealth.phrs.persistence.impl.sesame.SesameTriplestore - The files set [startup.test.rdf, startup.test1.rdf] was succefully loaded.
DEBUG main org.xml.sax.XMLReader - XMLReader initialized using JAXP: com.sun.org.apache.xerces.internal.jaxp.SAXParserImpl$JAXPSAXParser@66922804
DEBUG main org.openrdf.sail.memory.MemoryStore - syncing data to file...
DEBUG main org.openrdf.sail.memory.MemoryStore - Data synced to file
DEBUG main org.xml.sax.XMLReader - XMLReader initialized using JAXP: com.sun.org.apache.xerces.internal.jaxp.SAXParserImpl$JAXPSAXParser@fba0f36
DEBUG main org.openrdf.sail.memory.MemoryStore - syncing data to file...
DEBUG main org.openrdf.sail.memory.MemoryStore - Data synced to file
DEBUG main at.srfg.kmt.ehealth.phrs.persistence.impl.sesame.SesameTriplestore - A new connection was succesfully builded.
DEBUG main org.openrdf.sail.memory.MemoryStore - syncing data to file...
DEBUG main org.openrdf.sail.memory.MemoryStore - Data synced to file
DEBUG main at.srfg.kmt.ehealth.phrs.persistence.impl.sesame.SesameTriplestore - Clean the Data Direcotry /Users/mradules/.icardea/test/sesame
DEBUG main at.srfg.kmt.ehealth.phrs.persistence.impl.sesame.SesameTriplestore - The connection is closed 
DEBUG main at.srfg.kmt.ehealth.phrs.persistence.impl.sesame.SesameTriplestore - The connection was closed tries to build a new one.
DEBUG main at.srfg.kmt.ehealth.phrs.persistence.impl.sesame.SesameTriplestore - The actual data dump directory is /Users/mradules/.icardea/test/sesame
DEBUG main org.openrdf.sail.memory.MemoryStore - Initializing MemoryStore...
DEBUG main org.openrdf.sail.memory.MemoryStore - Creating directory for data file...
DEBUG main org.openrdf.sail.memory.MemoryStore - Initializing data file...
DEBUG main org.openrdf.sail.memory.MemoryStore - Data file initialized
DEBUG main org.openrdf.sail.memory.MemoryStore - MemoryStore initialized
DEBUG main at.srfg.kmt.ehealth.phrs.persistence.impl.sesame.SesameTriplestore - Tries to load (rdf) files : [startup.test.rdf, startup.test1.rdf] 
DEBUG main at.srfg.kmt.ehealth.phrs.persistence.impl.sesame.SesameTriplestore - File : startup.test.rdf is schedulled to be loaded
DEBUG main at.srfg.kmt.ehealth.phrs.persistence.impl.sesame.SesameTriplestore - File : startup.test1.rdf is schedulled to be loaded
DEBUG main at.srfg.kmt.ehealth.phrs.persistence.impl.sesame.SesameTriplestore - The files set [startup.test.rdf, startup.test1.rdf] was succefully loaded.
DEBUG main org.xml.sax.XMLReader - XMLReader initialized using JAXP: com.sun.org.apache.xerces.internal.jaxp.SAXParserImpl$JAXPSAXParser@26aae86e
DEBUG main org.openrdf.sail.memory.MemoryStore - syncing data to file...
DEBUG main org.openrdf.sail.memory.MemoryStore - Data synced to file
DEBUG main org.xml.sax.XMLReader - XMLReader initialized using JAXP: com.sun.org.apache.xerces.internal.jaxp.SAXParserImpl$JAXPSAXParser@1ee29820
DEBUG main org.openrdf.sail.memory.MemoryStore - syncing data to file...
DEBUG main org.openrdf.sail.memory.MemoryStore - Data synced to file
DEBUG main at.srfg.kmt.ehealth.phrs.persistence.impl.sesame.SesameTriplestore - A new connection was succesfully builded.
DEBUG main org.openrdf.sail.memory.MemoryStore - syncing data to file...
DEBUG main org.openrdf.sail.memory.MemoryStore - Data synced to file
DEBUG main org.openrdf.sail.memory.MemoryStore - syncing data to file...
DEBUG main org.openrdf.sail.memory.MemoryStore - Data synced to file
DEBUG main org.openrdf.sail.memory.MemoryStore - syncing data to file...
DEBUG main org.openrdf.sail.memory.MemoryStore - Data synced to file
DEBUG main at.srfg.kmt.ehealth.phrs.persistence.impl.sesame.SesameTriplestore - Clean the Data Direcotry /Users/mradules/.icardea/test/sesame
DEBUG main at.srfg.kmt.ehealth.phrs.persistence.impl.sesame.SesameTriplestore - The connection is closed 
DEBUG main at.srfg.kmt.ehealth.phrs.persistence.impl.sesame.SesameTriplestore - The connection was closed tries to build a new one.
DEBUG main at.srfg.kmt.ehealth.phrs.persistence.impl.sesame.SesameTriplestore - The actual data dump directory is /Users/mradules/.icardea/test/sesame
DEBUG main org.openrdf.sail.memory.MemoryStore - Initializing MemoryStore...
DEBUG main org.openrdf.sail.memory.MemoryStore - Creating directory for data file...
DEBUG main org.openrdf.sail.memory.MemoryStore - Initializing data file...
DEBUG main org.openrdf.sail.memory.MemoryStore - Data file initialized
DEBUG main org.openrdf.sail.memory.MemoryStore - MemoryStore initialized
DEBUG main at.srfg.kmt.ehealth.phrs.persistence.impl.sesame.SesameTriplestore - Tries to load (rdf) files : [startup.test.rdf, startup.test1.rdf] 
DEBUG main at.srfg.kmt.ehealth.phrs.persistence.impl.sesame.SesameTriplestore - File : startup.test.rdf is schedulled to be loaded
DEBUG main at.srfg.kmt.ehealth.phrs.persistence.impl.sesame.SesameTriplestore - File : startup.test1.rdf is schedulled to be loaded
DEBUG main at.srfg.kmt.ehealth.phrs.persistence.impl.sesame.SesameTriplestore - The files set [startup.test.rdf, startup.test1.rdf] was succefully loaded.
DEBUG main org.xml.sax.XMLReader - XMLReader initialized using JAXP: com.sun.org.apache.xerces.internal.jaxp.SAXParserImpl$JAXPSAXParser@5c391c3
DEBUG main org.openrdf.sail.memory.MemoryStore - syncing data to file...
DEBUG main org.openrdf.sail.memory.MemoryStore - Data synced to file
DEBUG main org.xml.sax.XMLReader - XMLReader initialized using JAXP: com.sun.org.apache.xerces.internal.jaxp.SAXParserImpl$JAXPSAXParser@1f758500
DEBUG main org.openrdf.sail.memory.MemoryStore - syncing data to file...
DEBUG main org.openrdf.sail.memory.MemoryStore - Data synced to file
DEBUG main at.srfg.kmt.ehealth.phrs.persistence.impl.sesame.SesameTriplestore - A new connection was succesfully builded.
DEBUG main org.openrdf.sail.memory.MemoryStore - syncing data to file...
DEBUG main org.openrdf.sail.memory.MemoryStore - Data synced to file
DEBUG main at.srfg.kmt.ehealth.phrs.persistence.impl.sesame.SesameTriplestore - Clean the Data Direcotry /Users/mradules/.icardea/test/sesame
DEBUG main at.srfg.kmt.ehealth.phrs.persistence.impl.sesame.SesameTriplestore - The connection is closed 
DEBUG main at.srfg.kmt.ehealth.phrs.persistence.impl.sesame.SesameTriplestore - The connection was closed tries to build a new one.
DEBUG main at.srfg.kmt.ehealth.phrs.persistence.impl.sesame.SesameTriplestore - The actual data dump directory is /Users/mradules/.icardea/test/sesame
DEBUG main org.openrdf.sail.memory.MemoryStore - Initializing MemoryStore...
DEBUG main org.openrdf.sail.memory.MemoryStore - Creating directory for data file...
DEBUG main org.openrdf.sail.memory.MemoryStore - Initializing data file...
DEBUG main org.openrdf.sail.memory.MemoryStore - Data file initialized
DEBUG main org.openrdf.sail.memory.MemoryStore - MemoryStore initialized
DEBUG main at.srfg.kmt.ehealth.phrs.persistence.impl.sesame.SesameTriplestore - Tries to load (rdf) files : [startup.test.rdf, startup.test1.rdf] 
DEBUG main at.srfg.kmt.ehealth.phrs.persistence.impl.sesame.SesameTriplestore - File : startup.test.rdf is schedulled to be loaded
DEBUG main at.srfg.kmt.ehealth.phrs.persistence.impl.sesame.SesameTriplestore - File : startup.test1.rdf is schedulled to be loaded
DEBUG main at.srfg.kmt.ehealth.phrs.persistence.impl.sesame.SesameTriplestore - The files set [startup.test.rdf, startup.test1.rdf] was succefully loaded.
DEBUG main org.xml.sax.XMLReader - XMLReader initialized using JAXP: com.sun.org.apache.xerces.internal.jaxp.SAXParserImpl$JAXPSAXParser@4bf54c5f
DEBUG main org.openrdf.sail.memory.MemoryStore - syncing data to file...
DEBUG main org.openrdf.sail.memory.MemoryStore - Data synced to file
DEBUG main org.xml.sax.XMLReader - XMLReader initialized using JAXP: com.sun.org.apache.xerces.internal.jaxp.SAXParserImpl$JAXPSAXParser@238b8914
DEBUG main org.openrdf.sail.memory.MemoryStore - syncing data to file...
DEBUG main org.openrdf.sail.memory.MemoryStore - Data synced to file
DEBUG main at.srfg.kmt.ehealth.phrs.persistence.impl.sesame.SesameTriplestore - A new connection was succesfully builded.
DEBUG main org.openrdf.sail.memory.MemoryStore - syncing data to file...
DEBUG main org.openrdf.sail.memory.MemoryStore - Data synced to file
DEBUG main org.openrdf.sail.memory.MemoryStore - syncing data to file...
DEBUG main org.openrdf.sail.memory.MemoryStore - Data synced to file
DEBUG main at.srfg.kmt.ehealth.phrs.persistence.impl.sesame.SesameTriplestore - Clean the Data Direcotry /Users/mradules/.icardea/test/sesame
DEBUG main at.srfg.kmt.ehealth.phrs.persistence.impl.sesame.SesameTriplestore - The connection is closed 
DEBUG main at.srfg.kmt.ehealth.phrs.persistence.impl.sesame.SesameTriplestore - The connection was closed tries to build a new one.
DEBUG main at.srfg.kmt.ehealth.phrs.persistence.impl.sesame.SesameTriplestore - The actual data dump directory is /Users/mradules/.icardea/test/sesame
DEBUG main org.openrdf.sail.memory.MemoryStore - Initializing MemoryStore...
DEBUG main org.openrdf.sail.memory.MemoryStore - Creating directory for data file...
DEBUG main org.openrdf.sail.memory.MemoryStore - Initializing data file...
DEBUG main org.openrdf.sail.memory.MemoryStore - Data file initialized
DEBUG main org.openrdf.sail.memory.MemoryStore - MemoryStore initialized
DEBUG main at.srfg.kmt.ehealth.phrs.persistence.impl.sesame.SesameTriplestore - Tries to load (rdf) files : [startup.test.rdf, startup.test1.rdf] 
DEBUG main at.srfg.kmt.ehealth.phrs.persistence.impl.sesame.SesameTriplestore - File : startup.test.rdf is schedulled to be loaded
DEBUG main at.srfg.kmt.ehealth.phrs.persistence.impl.sesame.SesameTriplestore - File : startup.test1.rdf is schedulled to be loaded
DEBUG main at.srfg.kmt.ehealth.phrs.persistence.impl.sesame.SesameTriplestore - The files set [startup.test.rdf, startup.test1.rdf] was succefully loaded.
DEBUG main org.xml.sax.XMLReader - XMLReader initialized using JAXP: com.sun.org.apache.xerces.internal.jaxp.SAXParserImpl$JAXPSAXParser@651db6bb
DEBUG main org.openrdf.sail.memory.MemoryStore - syncing data to file...
DEBUG main org.openrdf.sail.memory.MemoryStore - Data synced to file
DEBUG main org.xml.sax.XMLReader - XMLReader initialized using JAXP: com.sun.org.apache.xerces.internal.jaxp.SAXParserImpl$JAXPSAXParser@72608760
DEBUG main org.openrdf.sail.memory.MemoryStore - syncing data to file...
DEBUG main org.openrdf.sail.memory.MemoryStore - Data synced to file
DEBUG main at.srfg.kmt.ehealth.phrs.persistence.impl.sesame.SesameTriplestore - A new connection was succesfully builded.
DEBUG main org.openrdf.sail.memory.MemoryStore - syncing data to file...
DEBUG main org.openrdf.sail.memory.MemoryStore - Data synced to file
DEBUG main org.openrdf.sail.memory.MemoryStore - syncing data to file...
DEBUG main org.openrdf.sail.memory.MemoryStore - Data synced to file
DEBUG main at.srfg.kmt.ehealth.phrs.persistence.impl.sesame.SesameTriplestore - Clean the Data Direcotry /Users/mradules/.icardea/test/sesame
DEBUG main at.srfg.kmt.ehealth.phrs.persistence.impl.sesame.SesameTriplestore - The connection is closed 
DEBUG main at.srfg.kmt.ehealth.phrs.persistence.impl.sesame.SesameTriplestore - The connection was closed tries to build a new one.
DEBUG main at.srfg.kmt.ehealth.phrs.persistence.impl.sesame.SesameTriplestore - The actual data dump directory is /Users/mradules/.icardea/test/sesame
DEBUG main org.openrdf.sail.memory.MemoryStore - Initializing MemoryStore...
DEBUG main org.openrdf.sail.memory.MemoryStore - Creating directory for data file...
DEBUG main org.openrdf.sail.memory.MemoryStore - Initializing data file...
DEBUG main org.openrdf.sail.memory.MemoryStore - Data file initialized
DEBUG main org.openrdf.sail.memory.MemoryStore - MemoryStore initialized
DEBUG main at.srfg.kmt.ehealth.phrs.persistence.impl.sesame.SesameTriplestore - Tries to load (rdf) files : [startup.test.rdf, startup.test1.rdf] 
DEBUG main at.srfg.kmt.ehealth.phrs.persistence.impl.sesame.SesameTriplestore - File : startup.test.rdf is schedulled to be loaded
DEBUG main at.srfg.kmt.ehealth.phrs.persistence.impl.sesame.SesameTriplestore - File : startup.test1.rdf is schedulled to be loaded
DEBUG main at.srfg.kmt.ehealth.phrs.persistence.impl.sesame.SesameTriplestore - The files set [startup.test.rdf, startup.test1.rdf] was succefully loaded.
DEBUG main org.xml.sax.XMLReader - XMLReader initialized using JAXP: com.sun.org.apache.xerces.internal.jaxp.SAXParserImpl$JAXPSAXParser@27b03c1a
DEBUG main org.openrdf.sail.memory.MemoryStore - syncing data to file...
DEBUG main org.openrdf.sail.memory.MemoryStore - Data synced to file
DEBUG main org.xml.sax.XMLReader - XMLReader initialized using JAXP: com.sun.org.apache.xerces.internal.jaxp.SAXParserImpl$JAXPSAXParser@61578aab
DEBUG main org.openrdf.sail.memory.MemoryStore - syncing data to file...
DEBUG main org.openrdf.sail.memory.MemoryStore - Data synced to file
DEBUG main at.srfg.kmt.ehealth.phrs.persistence.impl.sesame.SesameTriplestore - A new connection was succesfully builded.
DEBUG main at.srfg.kmt.ehealth.phrs.persistence.impl.sesame.SesameTriplestore - Clean the Data Direcotry /Users/mradules/.icardea/test/sesame
DEBUG main at.srfg.kmt.ehealth.phrs.persistence.impl.sesame.SesameTriplestore - The connection is closed 
DEBUG main at.srfg.kmt.ehealth.phrs.persistence.impl.sesame.SesameTriplestore - The connection was closed tries to build a new one.
DEBUG main at.srfg.kmt.ehealth.phrs.persistence.impl.sesame.SesameTriplestore - The actual data dump directory is /Users/mradules/.icardea/test/sesame
DEBUG main org.openrdf.sail.memory.MemoryStore - Initializing MemoryStore...
DEBUG main org.openrdf.sail.memory.MemoryStore - Creating directory for data file...
DEBUG main org.openrdf.sail.memory.MemoryStore - Initializing data file...
DEBUG main org.openrdf.sail.memory.MemoryStore - Data file initialized
DEBUG main org.openrdf.sail.memory.MemoryStore - MemoryStore initialized
DEBUG main at.srfg.kmt.ehealth.phrs.persistence.impl.sesame.SesameTriplestore - Tries to load (rdf) files : [startup.test.rdf, startup.test1.rdf] 
DEBUG main at.srfg.kmt.ehealth.phrs.persistence.impl.sesame.SesameTriplestore - File : startup.test.rdf is schedulled to be loaded
DEBUG main at.srfg.kmt.ehealth.phrs.persistence.impl.sesame.SesameTriplestore - File : startup.test1.rdf is schedulled to be loaded
DEBUG main at.srfg.kmt.ehealth.phrs.persistence.impl.sesame.SesameTriplestore - The files set [startup.test.rdf, startup.test1.rdf] was succefully loaded.
DEBUG main org.xml.sax.XMLReader - XMLReader initialized using JAXP: com.sun.org.apache.xerces.internal.jaxp.SAXParserImpl$JAXPSAXParser@2d2bf892
DEBUG main org.openrdf.sail.memory.MemoryStore - syncing data to file...
DEBUG main org.openrdf.sail.memory.MemoryStore - Data synced to file
DEBUG main org.xml.sax.XMLReader - XMLReader initialized using JAXP: com.sun.org.apache.xerces.internal.jaxp.SAXParserImpl$JAXPSAXParser@67c7980c
DEBUG main org.openrdf.sail.memory.MemoryStore - syncing data to file...
DEBUG main org.openrdf.sail.memory.MemoryStore - Data synced to file
DEBUG main at.srfg.kmt.ehealth.phrs.persistence.impl.sesame.SesameTriplestore - A new connection was succesfully builded.
DEBUG main at.srfg.kmt.ehealth.phrs.persistence.impl.sesame.SesameTriplestore - The connection is closed 
DEBUG main at.srfg.kmt.ehealth.phrs.persistence.impl.sesame.SesameTriplestore - The connection was closed tries to build a new one.
DEBUG main at.srfg.kmt.ehealth.phrs.persistence.impl.sesame.SesameTriplestore - The actual data dump directory is /Users/mradules/.icardea/test/sesame
DEBUG main org.openrdf.sail.memory.MemoryStore - Initializing MemoryStore...
DEBUG main org.openrdf.sail.memory.MemoryStore - Reading data from /Users/mradules/.icardea/test/sesame/memorystore.data...
DEBUG main org.openrdf.sail.memory.MemoryStore - Data file read successfully
DEBUG main org.openrdf.sail.memory.MemoryStore - MemoryStore initialized
DEBUG main at.srfg.kmt.ehealth.phrs.persistence.impl.sesame.SesameTriplestore - Tries to load (rdf) files : [startup.test.rdf, startup.test1.rdf] 
DEBUG main at.srfg.kmt.ehealth.phrs.persistence.impl.sesame.SesameTriplestore - File : startup.test.rdf is schedulled to be loaded
DEBUG main at.srfg.kmt.ehealth.phrs.persistence.impl.sesame.SesameTriplestore - File : startup.test1.rdf is schedulled to be loaded
DEBUG main at.srfg.kmt.ehealth.phrs.persistence.impl.sesame.SesameTriplestore - The files set [startup.test.rdf, startup.test1.rdf] was succefully loaded.
DEBUG main org.xml.sax.XMLReader - XMLReader initialized using JAXP: com.sun.org.apache.xerces.internal.jaxp.SAXParserImpl$JAXPSAXParser@62a2220f
DEBUG main org.xml.sax.XMLReader - XMLReader initialized using JAXP: com.sun.org.apache.xerces.internal.jaxp.SAXParserImpl$JAXPSAXParser@4d911540
DEBUG main at.srfg.kmt.ehealth.phrs.persistence.impl.sesame.SesameTriplestore - A new connection was succesfully builded.
DEBUG main at.srfg.kmt.ehealth.phrs.persistence.impl.sesame.SesameTriplestore - The connection is still open 
DEBUG main at.srfg.kmt.ehealth.phrs.persistence.impl.sesame.SesameTriplestore - The connection is still open 
DEBUG main at.srfg.kmt.ehealth.phrs.persistence.impl.sesame.SesameTriplestore - The connection is still open 
DEBUG main at.srfg.kmt.ehealth.phrs.persistence.impl.sesame.SesameTriplestore - The connection is still open 
DEBUG main at.srfg.kmt.ehealth.phrs.persistence.impl.sesame.SesameTriplestore - The connection is still open 
DEBUG main at.srfg.kmt.ehealth.phrs.persistence.impl.sesame.SesameTriplestore - The connection is still open 
DEBUG main at.srfg.kmt.ehealth.phrs.persistence.impl.sesame.SesameTriplestore - The connection is still open 
DEBUG main at.srfg.kmt.ehealth.phrs.persistence.impl.sesame.SesameTriplestore - The connection is still open 
DEBUG main at.srfg.kmt.ehealth.phrs.persistence.impl.sesame.SesameTriplestore - Clean the Data Direcotry /Users/mradules/.icardea/test/sesame
